This is pdfTeX, Version 3.14159265-2.6-1.40.20 (TeX Live 2019) (preloaded format=pdflatex 2019.6.12)  15 MAR 2024 16:29
entering extended mode
 restricted \write18 enabled.
 file:line:error style messages enabled.
 %&-line parsing enabled.
**main-WENO-GF-FD.tex
(./main-WENO-GF-FD.tex
LaTeX2e <2018-12-01>
(/usr/local/texlive/2019/texmf-dist/tex/latex/beamer/beamer.cls
Document Class: beamer 2018/12/02 v3.55 A class for typesetting presentations
(/usr/local/texlive/2019/texmf-dist/tex/latex/beamer/beamerbasemodes.sty
(/usr/local/texlive/2019/texmf-dist/tex/latex/etoolbox/etoolbox.sty
Package: etoolbox 2018/08/19 v2.5f e-TeX tools for LaTeX (JAW)
\etb@tempcnta=\count80
)
\beamer@tempbox=\box27
\beamer@tempcount=\count81
\c@beamerpauses=\count82

(/usr/local/texlive/2019/texmf-dist/tex/latex/beamer/beamerbasedecode.sty
\beamer@slideinframe=\count83
\beamer@minimum=\count84
)
\beamer@commentbox=\box28
\beamer@modecount=\count85
)
(/usr/local/texlive/2019/texmf-dist/tex/generic/oberdiek/ifpdf.sty
Package: ifpdf 2018/09/07 v3.3 Provides the ifpdf switch
)
\headdp=\dimen102
\footheight=\dimen103
\sidebarheight=\dimen104
\beamer@tempdim=\dimen105
\beamer@finalheight=\dimen106
\beamer@animht=\dimen107
\beamer@animdp=\dimen108
\beamer@animwd=\dimen109
\beamer@leftmargin=\dimen110
\beamer@rightmargin=\dimen111
\beamer@leftsidebar=\dimen112
\beamer@rightsidebar=\dimen113
\beamer@boxsize=\dimen114
\beamer@vboxoffset=\dimen115
\beamer@descdefault=\dimen116
\beamer@descriptionwidth=\dimen117
\beamer@lastskip=\skip41
\beamer@areabox=\box29
\beamer@animcurrent=\box30
\beamer@animshowbox=\box31
\beamer@sectionbox=\box32
\beamer@logobox=\box33
\beamer@linebox=\box34
\beamer@sectioncount=\count86
\beamer@subsubsectionmax=\count87
\beamer@subsectionmax=\count88
\beamer@sectionmax=\count89
\beamer@totalheads=\count90
\beamer@headcounter=\count91
\beamer@partstartpage=\count92
\beamer@sectionstartpage=\count93
\beamer@subsectionstartpage=\count94
\beamer@animationtempa=\count95
\beamer@animationtempb=\count96
\beamer@xpos=\count97
\beamer@ypos=\count98
\beamer@ypos@offset=\count99
\beamer@showpartnumber=\count100
\beamer@currentsubsection=\count101
\beamer@coveringdepth=\count102
\beamer@sectionadjust=\count103
\beamer@tocsectionnumber=\count104

(/usr/local/texlive/2019/texmf-dist/tex/latex/beamer/beamerbaseoptions.sty
(/usr/local/texlive/2019/texmf-dist/tex/latex/graphics/keyval.sty
Package: keyval 2014/10/28 v1.15 key=value parser (DPC)
\KV@toks@=\toks14
))
\beamer@paperwidth=\skip42
\beamer@paperheight=\skip43

(/usr/local/texlive/2019/texmf-dist/tex/latex/geometry/geometry.sty
Package: geometry 2018/04/16 v5.8 Page Geometry

(/usr/local/texlive/2019/texmf-dist/tex/generic/oberdiek/ifvtex.sty
Package: ifvtex 2016/05/16 v1.6 Detect VTeX and its facilities (HO)
Package ifvtex Info: VTeX not detected.
)
(/usr/local/texlive/2019/texmf-dist/tex/generic/ifxetex/ifxetex.sty
Package: ifxetex 2010/09/12 v0.6 Provides ifxetex conditional
)
\Gm@cnth=\count105
\Gm@cntv=\count106
\c@Gm@tempcnt=\count107
\Gm@bindingoffset=\dimen118
\Gm@wd@mp=\dimen119
\Gm@odd@mp=\dimen120
\Gm@even@mp=\dimen121
\Gm@layoutwidth=\dimen122
\Gm@layoutheight=\dimen123
\Gm@layouthoffset=\dimen124
\Gm@layoutvoffset=\dimen125
\Gm@dimlist=\toks15
)

Class beamer Warning: ``mathserif'' is obsolete. Use font theme ``serif'' with 
option ``onlymath'' on input line 336.

(/usr/local/texlive/2019/texmf-dist/tex/latex/extsizes/size9.clo
File: size9.clo 1999/11/11 v1.4a NON-Standard LaTeX file (size option)
)
(/usr/local/texlive/2019/texmf-dist/tex/latex/pgf/basiclayer/pgfcore.sty
(/usr/local/texlive/2019/texmf-dist/tex/latex/graphics/graphicx.sty
Package: graphicx 2017/06/01 v1.1a Enhanced LaTeX Graphics (DPC,SPQR)

(/usr/local/texlive/2019/texmf-dist/tex/latex/graphics/graphics.sty
Package: graphics 2017/06/25 v1.2c Standard LaTeX Graphics (DPC,SPQR)

(/usr/local/texlive/2019/texmf-dist/tex/latex/graphics/trig.sty
Package: trig 2016/01/03 v1.10 sin cos tan (DPC)
)
(/usr/local/texlive/2019/texmf-dist/tex/latex/graphics-cfg/graphics.cfg
File: graphics.cfg 2016/06/04 v1.11 sample graphics configuration
)
Package graphics Info: Driver file: pdftex.def on input line 99.

(/usr/local/texlive/2019/texmf-dist/tex/latex/graphics-def/pdftex.def
File: pdftex.def 2018/01/08 v1.0l Graphics/color driver for pdftex
))
\Gin@req@height=\dimen126
\Gin@req@width=\dimen127
)
(/usr/local/texlive/2019/texmf-dist/tex/latex/pgf/systemlayer/pgfsys.sty
(/usr/local/texlive/2019/texmf-dist/tex/latex/pgf/utilities/pgfrcs.sty
(/usr/local/texlive/2019/texmf-dist/tex/generic/pgf/utilities/pgfutil-common.te
x
\pgfutil@everybye=\toks16
\pgfutil@tempdima=\dimen128
\pgfutil@tempdimb=\dimen129

(/usr/local/texlive/2019/texmf-dist/tex/generic/pgf/utilities/pgfutil-common-li
sts.tex))
(/usr/local/texlive/2019/texmf-dist/tex/generic/pgf/utilities/pgfutil-latex.def
\pgfutil@abb=\box35
(/usr/local/texlive/2019/texmf-dist/tex/latex/ms/everyshi.sty
Package: everyshi 2001/05/15 v3.00 EveryShipout Package (MS)
))
(/usr/local/texlive/2019/texmf-dist/tex/generic/pgf/utilities/pgfrcs.code.tex
(/usr/local/texlive/2019/texmf-dist/tex/generic/pgf/pgf.revision.tex)
Package: pgfrcs 2019/04/04 v3.1.2 (3.1.2)
))
(/usr/local/texlive/2019/texmf-dist/tex/generic/pgf/systemlayer/pgfsys.code.tex
Package: pgfsys 2019/04/04 v3.1.2 (3.1.2)
(/usr/local/texlive/2019/texmf-dist/tex/generic/pgf/utilities/pgfkeys.code.tex
\pgfkeys@pathtoks=\toks17
\pgfkeys@temptoks=\toks18

(/usr/local/texlive/2019/texmf-dist/tex/generic/pgf/utilities/pgfkeysfiltered.c
ode.tex
\pgfkeys@tmptoks=\toks19
))
\pgf@x=\dimen130
\pgf@y=\dimen131
\pgf@xa=\dimen132
\pgf@ya=\dimen133
\pgf@xb=\dimen134
\pgf@yb=\dimen135
\pgf@xc=\dimen136
\pgf@yc=\dimen137
\w@pgf@writea=\write3
\r@pgf@reada=\read1
\c@pgf@counta=\count108
\c@pgf@countb=\count109
\c@pgf@countc=\count110
\c@pgf@countd=\count111
\t@pgf@toka=\toks20
\t@pgf@tokb=\toks21
\t@pgf@tokc=\toks22
\pgf@sys@id@count=\count112

(/usr/local/texlive/2019/texmf-dist/tex/generic/pgf/systemlayer/pgf.cfg
File: pgf.cfg 2019/04/04 v3.1.2 (3.1.2)
)
Driver file for pgf: pgfsys-pdftex.def

(/usr/local/texlive/2019/texmf-dist/tex/generic/pgf/systemlayer/pgfsys-pdftex.d
ef
File: pgfsys-pdftex.def 2019/04/04 v3.1.2 (3.1.2)

(/usr/local/texlive/2019/texmf-dist/tex/generic/pgf/systemlayer/pgfsys-common-p
df.def
File: pgfsys-common-pdf.def 2019/04/04 v3.1.2 (3.1.2)
)))
(/usr/local/texlive/2019/texmf-dist/tex/generic/pgf/systemlayer/pgfsyssoftpath.
code.tex
File: pgfsyssoftpath.code.tex 2019/04/04 v3.1.2 (3.1.2)
\pgfsyssoftpath@smallbuffer@items=\count113
\pgfsyssoftpath@bigbuffer@items=\count114
)
(/usr/local/texlive/2019/texmf-dist/tex/generic/pgf/systemlayer/pgfsysprotocol.
code.tex
File: pgfsysprotocol.code.tex 2019/04/04 v3.1.2 (3.1.2)
)) (/usr/local/texlive/2019/texmf-dist/tex/latex/xcolor/xcolor.sty
Package: xcolor 2016/05/11 v2.12 LaTeX color extensions (UK)

(/usr/local/texlive/2019/texmf-dist/tex/latex/graphics-cfg/color.cfg
File: color.cfg 2016/01/02 v1.6 sample color configuration
)
Package xcolor Info: Driver file: pdftex.def on input line 225.
Package xcolor Info: Model `cmy' substituted by `cmy0' on input line 1348.
Package xcolor Info: Model `hsb' substituted by `rgb' on input line 1352.
Package xcolor Info: Model `RGB' extended on input line 1364.
Package xcolor Info: Model `HTML' substituted by `rgb' on input line 1366.
Package xcolor Info: Model `Hsb' substituted by `hsb' on input line 1367.
Package xcolor Info: Model `tHsb' substituted by `hsb' on input line 1368.
Package xcolor Info: Model `HSB' substituted by `hsb' on input line 1369.
Package xcolor Info: Model `Gray' substituted by `gray' on input line 1370.
Package xcolor Info: Model `wave' substituted by `hsb' on input line 1371.
)
(/usr/local/texlive/2019/texmf-dist/tex/generic/pgf/basiclayer/pgfcore.code.tex
Package: pgfcore 2019/04/04 v3.1.2 (3.1.2)
(/usr/local/texlive/2019/texmf-dist/tex/generic/pgf/math/pgfmath.code.tex
(/usr/local/texlive/2019/texmf-dist/tex/generic/pgf/math/pgfmathcalc.code.tex
(/usr/local/texlive/2019/texmf-dist/tex/generic/pgf/math/pgfmathutil.code.tex)
(/usr/local/texlive/2019/texmf-dist/tex/generic/pgf/math/pgfmathparser.code.tex
\pgfmath@dimen=\dimen138
\pgfmath@count=\count115
\pgfmath@box=\box36
\pgfmath@toks=\toks23
\pgfmath@stack@operand=\toks24
\pgfmath@stack@operation=\toks25
)
(/usr/local/texlive/2019/texmf-dist/tex/generic/pgf/math/pgfmathfunctions.code.
tex
(/usr/local/texlive/2019/texmf-dist/tex/generic/pgf/math/pgfmathfunctions.basic
.code.tex)
(/usr/local/texlive/2019/texmf-dist/tex/generic/pgf/math/pgfmathfunctions.trigo
nometric.code.tex)
(/usr/local/texlive/2019/texmf-dist/tex/generic/pgf/math/pgfmathfunctions.rando
m.code.tex)
(/usr/local/texlive/2019/texmf-dist/tex/generic/pgf/math/pgfmathfunctions.compa
rison.code.tex)
(/usr/local/texlive/2019/texmf-dist/tex/generic/pgf/math/pgfmathfunctions.base.
code.tex)
(/usr/local/texlive/2019/texmf-dist/tex/generic/pgf/math/pgfmathfunctions.round
.code.tex)
(/usr/local/texlive/2019/texmf-dist/tex/generic/pgf/math/pgfmathfunctions.misc.
code.tex)
(/usr/local/texlive/2019/texmf-dist/tex/generic/pgf/math/pgfmathfunctions.integ
erarithmetics.code.tex)))
(/usr/local/texlive/2019/texmf-dist/tex/generic/pgf/math/pgfmathfloat.code.tex
\c@pgfmathroundto@lastzeros=\count116
))
(/usr/local/texlive/2019/texmf-dist/tex/generic/pgf/basiclayer/pgfcorepoints.co
de.tex
File: pgfcorepoints.code.tex 2019/04/04 v3.1.2 (3.1.2)
\pgf@picminx=\dimen139
\pgf@picmaxx=\dimen140
\pgf@picminy=\dimen141
\pgf@picmaxy=\dimen142
\pgf@pathminx=\dimen143
\pgf@pathmaxx=\dimen144
\pgf@pathminy=\dimen145
\pgf@pathmaxy=\dimen146
\pgf@xx=\dimen147
\pgf@xy=\dimen148
\pgf@yx=\dimen149
\pgf@yy=\dimen150
\pgf@zx=\dimen151
\pgf@zy=\dimen152
)
(/usr/local/texlive/2019/texmf-dist/tex/generic/pgf/basiclayer/pgfcorepathconst
ruct.code.tex
File: pgfcorepathconstruct.code.tex 2019/04/04 v3.1.2 (3.1.2)
\pgf@path@lastx=\dimen153
\pgf@path@lasty=\dimen154
)
(/usr/local/texlive/2019/texmf-dist/tex/generic/pgf/basiclayer/pgfcorepathusage
.code.tex
File: pgfcorepathusage.code.tex 2019/04/04 v3.1.2 (3.1.2)
\pgf@shorten@end@additional=\dimen155
\pgf@shorten@start@additional=\dimen156
)
(/usr/local/texlive/2019/texmf-dist/tex/generic/pgf/basiclayer/pgfcorescopes.co
de.tex
File: pgfcorescopes.code.tex 2019/04/04 v3.1.2 (3.1.2)
\pgfpic=\box37
\pgf@hbox=\box38
\pgf@layerbox@main=\box39
\pgf@picture@serial@count=\count117
)
(/usr/local/texlive/2019/texmf-dist/tex/generic/pgf/basiclayer/pgfcoregraphicst
ate.code.tex
File: pgfcoregraphicstate.code.tex 2019/04/04 v3.1.2 (3.1.2)
\pgflinewidth=\dimen157
)
(/usr/local/texlive/2019/texmf-dist/tex/generic/pgf/basiclayer/pgfcoretransform
ations.code.tex
File: pgfcoretransformations.code.tex 2019/04/04 v3.1.2 (3.1.2)
\pgf@pt@x=\dimen158
\pgf@pt@y=\dimen159
\pgf@pt@temp=\dimen160
)
(/usr/local/texlive/2019/texmf-dist/tex/generic/pgf/basiclayer/pgfcorequick.cod
e.tex
File: pgfcorequick.code.tex 2019/04/04 v3.1.2 (3.1.2)
)
(/usr/local/texlive/2019/texmf-dist/tex/generic/pgf/basiclayer/pgfcoreobjects.c
ode.tex
File: pgfcoreobjects.code.tex 2019/04/04 v3.1.2 (3.1.2)
)
(/usr/local/texlive/2019/texmf-dist/tex/generic/pgf/basiclayer/pgfcorepathproce
ssing.code.tex
File: pgfcorepathprocessing.code.tex 2019/04/04 v3.1.2 (3.1.2)
)
(/usr/local/texlive/2019/texmf-dist/tex/generic/pgf/basiclayer/pgfcorearrows.co
de.tex
File: pgfcorearrows.code.tex 2019/04/04 v3.1.2 (3.1.2)
\pgfarrowsep=\dimen161
)
(/usr/local/texlive/2019/texmf-dist/tex/generic/pgf/basiclayer/pgfcoreshade.cod
e.tex
File: pgfcoreshade.code.tex 2019/04/04 v3.1.2 (3.1.2)
\pgf@max=\dimen162
\pgf@sys@shading@range@num=\count118
\pgf@shadingcount=\count119
)
(/usr/local/texlive/2019/texmf-dist/tex/generic/pgf/basiclayer/pgfcoreimage.cod
e.tex
File: pgfcoreimage.code.tex 2019/04/04 v3.1.2 (3.1.2)

(/usr/local/texlive/2019/texmf-dist/tex/generic/pgf/basiclayer/pgfcoreexternal.
code.tex
File: pgfcoreexternal.code.tex 2019/04/04 v3.1.2 (3.1.2)
\pgfexternal@startupbox=\box40
))
(/usr/local/texlive/2019/texmf-dist/tex/generic/pgf/basiclayer/pgfcorelayers.co
de.tex
File: pgfcorelayers.code.tex 2019/04/04 v3.1.2 (3.1.2)
)
(/usr/local/texlive/2019/texmf-dist/tex/generic/pgf/basiclayer/pgfcoretranspare
ncy.code.tex
File: pgfcoretransparency.code.tex 2019/04/04 v3.1.2 (3.1.2)
)
(/usr/local/texlive/2019/texmf-dist/tex/generic/pgf/basiclayer/pgfcorepatterns.
code.tex
File: pgfcorepatterns.code.tex 2019/04/04 v3.1.2 (3.1.2)
)
(/usr/local/texlive/2019/texmf-dist/tex/generic/pgf/basiclayer/pgfcorerdf.code.
tex
File: pgfcorerdf.code.tex 2019/04/04 v3.1.2 (3.1.2)
))) (/usr/local/texlive/2019/texmf-dist/tex/latex/pgf/utilities/xxcolor.sty
Package: xxcolor 2003/10/24 ver 0.1
\XC@nummixins=\count120
\XC@countmixins=\count121
) (/usr/local/texlive/2019/texmf-dist/tex/generic/oberdiek/atbegshi.sty
Package: atbegshi 2016/06/09 v1.18 At begin shipout hook (HO)

(/usr/local/texlive/2019/texmf-dist/tex/generic/oberdiek/infwarerr.sty
Package: infwarerr 2016/05/16 v1.4 Providing info/warning/error messages (HO)
)
(/usr/local/texlive/2019/texmf-dist/tex/generic/oberdiek/ltxcmds.sty
Package: ltxcmds 2016/05/16 v1.23 LaTeX kernel commands for general use (HO)
))
(/usr/local/texlive/2019/texmf-dist/tex/latex/hyperref/hyperref.sty
Package: hyperref 2018/11/30 v6.88e Hypertext links for LaTeX

(/usr/local/texlive/2019/texmf-dist/tex/generic/oberdiek/hobsub-hyperref.sty
Package: hobsub-hyperref 2016/05/16 v1.14 Bundle oberdiek, subset hyperref (HO)


(/usr/local/texlive/2019/texmf-dist/tex/generic/oberdiek/hobsub-generic.sty
Package: hobsub-generic 2016/05/16 v1.14 Bundle oberdiek, subset generic (HO)
Package: hobsub 2016/05/16 v1.14 Construct package bundles (HO)
Package hobsub Info: Skipping package `infwarerr' (already loaded).
Package hobsub Info: Skipping package `ltxcmds' (already loaded).
Package: ifluatex 2016/05/16 v1.4 Provides the ifluatex switch (HO)
Package ifluatex Info: LuaTeX not detected.
Package hobsub Info: Skipping package `ifvtex' (already loaded).
Package: intcalc 2016/05/16 v1.2 Expandable calculations with integers (HO)
Package hobsub Info: Skipping package `ifpdf' (already loaded).
Package: etexcmds 2016/05/16 v1.6 Avoid name clashes with e-TeX commands (HO)
Package: kvsetkeys 2016/05/16 v1.17 Key value parser (HO)
Package: kvdefinekeys 2016/05/16 v1.4 Define keys (HO)
Package: pdftexcmds 2018/09/10 v0.29 Utility functions of pdfTeX for LuaTeX (HO
)
Package pdftexcmds Info: LuaTeX not detected.
Package pdftexcmds Info: \pdf@primitive is available.
Package pdftexcmds Info: \pdf@ifprimitive is available.
Package pdftexcmds Info: \pdfdraftmode found.
Package: pdfescape 2016/05/16 v1.14 Implements pdfTeX's escape features (HO)
Package: bigintcalc 2016/05/16 v1.4 Expandable calculations on big integers (HO
)
Package: bitset 2016/05/16 v1.2 Handle bit-vector datatype (HO)
Package: uniquecounter 2016/05/16 v1.3 Provide unlimited unique counter (HO)
)
Package hobsub Info: Skipping package `hobsub' (already loaded).
Package: letltxmacro 2016/05/16 v1.5 Let assignment for LaTeX macros (HO)
Package: hopatch 2016/05/16 v1.3 Wrapper for package hooks (HO)
Package: xcolor-patch 2016/05/16 xcolor patch
Package: atveryend 2016/05/16 v1.9 Hooks at the very end of document (HO)
Package hobsub Info: Skipping package `atbegshi' (already loaded).
Package: refcount 2016/05/16 v3.5 Data extraction from label references (HO)
Package: hycolor 2016/05/16 v1.8 Color options for hyperref/bookmark (HO)
)
(/usr/local/texlive/2019/texmf-dist/tex/latex/oberdiek/auxhook.sty
Package: auxhook 2016/05/16 v1.4 Hooks for auxiliary files (HO)
)
(/usr/local/texlive/2019/texmf-dist/tex/latex/oberdiek/kvoptions.sty
Package: kvoptions 2016/05/16 v3.12 Key value format for package options (HO)
)
\@linkdim=\dimen163
\Hy@linkcounter=\count122
\Hy@pagecounter=\count123

(/usr/local/texlive/2019/texmf-dist/tex/latex/hyperref/pd1enc.def
File: pd1enc.def 2018/11/30 v6.88e Hyperref: PDFDocEncoding definition (HO)
Now handling font encoding PD1 ...
... no UTF-8 mapping file for font encoding PD1
)
\Hy@SavedSpaceFactor=\count124

(/usr/local/texlive/2019/texmf-dist/tex/latex/latexconfig/hyperref.cfg
File: hyperref.cfg 2002/06/06 v1.2 hyperref configuration of TeXLive
)
Package hyperref Info: Option `bookmarks' set `true' on input line 4393.
Package hyperref Info: Option `bookmarksopen' set `true' on input line 4393.
Package hyperref Info: Option `implicit' set `false' on input line 4393.
Package hyperref Info: Hyper figures OFF on input line 4519.
Package hyperref Info: Link nesting OFF on input line 4524.
Package hyperref Info: Hyper index ON on input line 4527.
Package hyperref Info: Plain pages OFF on input line 4534.
Package hyperref Info: Backreferencing OFF on input line 4539.
Package hyperref Info: Implicit mode OFF; no redefinition of LaTeX internals.
Package hyperref Info: Bookmarks ON on input line 4772.
\c@Hy@tempcnt=\count125

(/usr/local/texlive/2019/texmf-dist/tex/latex/url/url.sty
\Urlmuskip=\muskip10
Package: url 2013/09/16  ver 3.4  Verb mode for urls, etc.
)
LaTeX Info: Redefining \url on input line 5125.
\XeTeXLinkMargin=\dimen164
\Fld@menulength=\count126
\Field@Width=\dimen165
\Fld@charsize=\dimen166
Package hyperref Info: Hyper figures OFF on input line 6380.
Package hyperref Info: Link nesting OFF on input line 6385.
Package hyperref Info: Hyper index ON on input line 6388.
Package hyperref Info: backreferencing OFF on input line 6395.
Package hyperref Info: Link coloring OFF on input line 6400.
Package hyperref Info: Link coloring with OCG OFF on input line 6405.
Package hyperref Info: PDF/A mode OFF on input line 6410.
LaTeX Info: Redefining \ref on input line 6450.
LaTeX Info: Redefining \pageref on input line 6454.
\Hy@abspage=\count127


Package hyperref Message: Stopped early.

)
Package hyperref Info: Driver (autodetected): hpdftex.
 (/usr/local/texlive/2019/texmf-dist/tex/latex/hyperref/hpdftex.def
File: hpdftex.def 2018/11/30 v6.88e Hyperref driver for pdfTeX
\Fld@listcount=\count128
\c@bookmark@seq@number=\count129

(/usr/local/texlive/2019/texmf-dist/tex/latex/oberdiek/rerunfilecheck.sty
Package: rerunfilecheck 2016/05/16 v1.8 Rerun checks for auxiliary files (HO)
Package uniquecounter Info: New unique counter `rerunfilecheck' on input line 2
82.
))
(/usr/local/texlive/2019/texmf-dist/tex/latex/beamer/beamerbaserequires.sty
(/usr/local/texlive/2019/texmf-dist/tex/latex/beamer/beamerbasecompatibility.st
y) (/usr/local/texlive/2019/texmf-dist/tex/latex/beamer/beamerbasefont.sty
(/usr/local/texlive/2019/texmf-dist/tex/latex/amsfonts/amssymb.sty
Package: amssymb 2013/01/14 v3.01 AMS font symbols

(/usr/local/texlive/2019/texmf-dist/tex/latex/amsfonts/amsfonts.sty
Package: amsfonts 2013/01/14 v3.01 Basic AMSFonts support
\@emptytoks=\toks26
\symAMSa=\mathgroup4
\symAMSb=\mathgroup5
LaTeX Font Info:    Overwriting math alphabet `\mathfrak' in version `bold'
(Font)                  U/euf/m/n --> U/euf/b/n on input line 106.
)))
(/usr/local/texlive/2019/texmf-dist/tex/latex/beamer/beamerbasetranslator.sty
(/usr/local/texlive/2019/texmf-dist/tex/latex/translator/translator.sty
Package: translator 2018/01/04 v1.12 Easy translation of strings in LaTeX
))
(/usr/local/texlive/2019/texmf-dist/tex/latex/beamer/beamerbasemisc.sty)
(/usr/local/texlive/2019/texmf-dist/tex/latex/beamer/beamerbasetwoscreens.sty)
(/usr/local/texlive/2019/texmf-dist/tex/latex/beamer/beamerbaseoverlay.sty
\beamer@argscount=\count130
\beamer@lastskipcover=\skip44
\beamer@trivlistdepth=\count131
)
(/usr/local/texlive/2019/texmf-dist/tex/latex/beamer/beamerbasetitle.sty)
(/usr/local/texlive/2019/texmf-dist/tex/latex/beamer/beamerbasesection.sty
\c@lecture=\count132
\c@part=\count133
\c@section=\count134
\c@subsection=\count135
\c@subsubsection=\count136
)
(/usr/local/texlive/2019/texmf-dist/tex/latex/beamer/beamerbaseframe.sty
\beamer@framebox=\box41
\beamer@frametitlebox=\box42
\beamer@zoombox=\box43
\beamer@zoomcount=\count137
\beamer@zoomframecount=\count138
\beamer@frametextheight=\dimen167
\c@subsectionslide=\count139
\beamer@frametopskip=\skip45
\beamer@framebottomskip=\skip46
\beamer@frametopskipautobreak=\skip47
\beamer@framebottomskipautobreak=\skip48
\beamer@envbody=\toks27
\framewidth=\dimen168
\c@framenumber=\count140
)
(/usr/local/texlive/2019/texmf-dist/tex/latex/beamer/beamerbaseverbatim.sty
\beamer@verbatimfileout=\write4
)
(/usr/local/texlive/2019/texmf-dist/tex/latex/beamer/beamerbaseframesize.sty
\beamer@splitbox=\box44
\beamer@autobreakcount=\count141
\beamer@autobreaklastheight=\dimen169
\beamer@frametitletoks=\toks28
\beamer@framesubtitletoks=\toks29
)
(/usr/local/texlive/2019/texmf-dist/tex/latex/beamer/beamerbaseframecomponents.
sty
\beamer@footins=\box45
) (/usr/local/texlive/2019/texmf-dist/tex/latex/beamer/beamerbasecolor.sty)
(/usr/local/texlive/2019/texmf-dist/tex/latex/beamer/beamerbasenotes.sty
\beamer@frameboxcopy=\box46
)
(/usr/local/texlive/2019/texmf-dist/tex/latex/beamer/beamerbasetoc.sty)
(/usr/local/texlive/2019/texmf-dist/tex/latex/beamer/beamerbasetemplates.sty
\beamer@sbttoks=\toks30

(/usr/local/texlive/2019/texmf-dist/tex/latex/beamer/beamerbaseauxtemplates.sty
(/usr/local/texlive/2019/texmf-dist/tex/latex/beamer/beamerbaseboxes.sty
\bmb@box=\box47
\bmb@colorbox=\box48
\bmb@boxshadow=\box49
\bmb@boxshadowball=\box50
\bmb@boxshadowballlarge=\box51
\bmb@temp=\dimen170
\bmb@dima=\dimen171
\bmb@dimb=\dimen172
\bmb@prevheight=\dimen173
)
\beamer@blockheadheight=\dimen174
))
(/usr/local/texlive/2019/texmf-dist/tex/latex/beamer/beamerbaselocalstructure.s
ty (/usr/local/texlive/2019/texmf-dist/tex/latex/tools/enumerate.sty
Package: enumerate 2015/07/23 v3.00 enumerate extensions (DPC)
\@enLab=\toks31
)
\c@figure=\count142
\c@table=\count143
\abovecaptionskip=\skip49
\belowcaptionskip=\skip50
)
(/usr/local/texlive/2019/texmf-dist/tex/latex/beamer/beamerbasenavigation.sty
\beamer@section@min@dim=\dimen175
)
(/usr/local/texlive/2019/texmf-dist/tex/latex/beamer/beamerbasetheorems.sty
(/usr/local/texlive/2019/texmf-dist/tex/latex/amsmath/amsmath.sty
Package: amsmath 2018/12/01 v2.17b AMS math features
\@mathmargin=\skip51

For additional information on amsmath, use the `?' option.
(/usr/local/texlive/2019/texmf-dist/tex/latex/amsmath/amstext.sty
Package: amstext 2000/06/29 v2.01 AMS text

(/usr/local/texlive/2019/texmf-dist/tex/latex/amsmath/amsgen.sty
File: amsgen.sty 1999/11/30 v2.0 generic functions
\@emptytoks=\toks32
\ex@=\dimen176
))
(/usr/local/texlive/2019/texmf-dist/tex/latex/amsmath/amsbsy.sty
Package: amsbsy 1999/11/29 v1.2d Bold Symbols
\pmbraise@=\dimen177
)
(/usr/local/texlive/2019/texmf-dist/tex/latex/amsmath/amsopn.sty
Package: amsopn 2016/03/08 v2.02 operator names
)
\inf@bad=\count144
LaTeX Info: Redefining \frac on input line 223.
\uproot@=\count145
\leftroot@=\count146
LaTeX Info: Redefining \overline on input line 385.
\classnum@=\count147
\DOTSCASE@=\count148
LaTeX Info: Redefining \ldots on input line 482.
LaTeX Info: Redefining \dots on input line 485.
LaTeX Info: Redefining \cdots on input line 606.
\Mathstrutbox@=\box52
\strutbox@=\box53
\big@size=\dimen178
LaTeX Font Info:    Redeclaring font encoding OML on input line 729.
LaTeX Font Info:    Redeclaring font encoding OMS on input line 730.
\macc@depth=\count149
\c@MaxMatrixCols=\count150
\dotsspace@=\muskip11
\c@parentequation=\count151
\dspbrk@lvl=\count152
\tag@help=\toks33
\row@=\count153
\column@=\count154
\maxfields@=\count155
\andhelp@=\toks34
\eqnshift@=\dimen179
\alignsep@=\dimen180
\tagshift@=\dimen181
\tagwidth@=\dimen182
\totwidth@=\dimen183
\lineht@=\dimen184
\@envbody=\toks35
\multlinegap=\skip52
\multlinetaggap=\skip53
\mathdisplay@stack=\toks36
LaTeX Info: Redefining \[ on input line 2844.
LaTeX Info: Redefining \] on input line 2845.
)
(/usr/local/texlive/2019/texmf-dist/tex/latex/amscls/amsthm.sty
Package: amsthm 2017/10/31 v2.20.4
\thm@style=\toks37
\thm@bodyfont=\toks38
\thm@headfont=\toks39
\thm@notefont=\toks40
\thm@headpunct=\toks41
\thm@preskip=\skip54
\thm@postskip=\skip55
\thm@headsep=\skip56
\dth@everypar=\toks42
)
\c@theorem=\count156
)
(/usr/local/texlive/2019/texmf-dist/tex/latex/beamer/beamerbasethemes.sty))
(/usr/local/texlive/2019/texmf-dist/tex/latex/beamer/beamerthemedefault.sty
(/usr/local/texlive/2019/texmf-dist/tex/latex/beamer/beamerfontthemedefault.sty
)
(/usr/local/texlive/2019/texmf-dist/tex/latex/beamer/beamercolorthemedefault.st
y)
(/usr/local/texlive/2019/texmf-dist/tex/latex/beamer/beamerinnerthemedefault.st
y
\beamer@dima=\dimen185
\beamer@dimb=\dimen186
)
(/usr/local/texlive/2019/texmf-dist/tex/latex/beamer/beamerouterthemedefault.st
y)))
(/usr/local/texlive/2019/texmf-dist/tex/latex/beamer/beamerthemeHannover.sty
(/usr/local/texlive/2019/texmf-dist/tex/latex/beamer/beamerouterthemesidebar.st
y
\beamer@sidebarwidth=\dimen187
\beamer@headheight=\dimen188
)
(/usr/local/texlive/2019/texmf-dist/tex/latex/beamer/beamercolorthemeseahorse.s
ty)
(/usr/local/texlive/2019/texmf-dist/tex/latex/beamer/beamerinnerthemecircles.st
y))
(/usr/local/texlive/2019/texmf-dist/tex/latex/beamer/beamerfontthemestructurebo
ld.sty)
(/usr/local/texlive/2019/texmf-dist/tex/latex/beamer/beamercolorthemedove.sty)
(/usr/local/texlive/2019/texmf-dist/tex/latex/mathastext/mathastext.sty
Package: mathastext 2018/08/22 v1.3t Use the text font in math mode (JFB)
\mst@exists@muskip=\muskip12
\mst@forall@muskip=\muskip13
\mst@prime@muskip=\muskip14
\mst@do@nonletters=\toks43
\mst@do@easynonletters=\toks44
\mst@do@az=\toks45
\mst@do@AZ=\toks46
\symmtoperatorfont=\mathgroup6
\symmtletterfont=\mathgroup7
LaTeX Font Info:    Overwriting math alphabet `\mathnormalbold' in version `nor
mal'
(Font)                  OT1/cmss/bx/n --> OT1/cmss/bx/n on input line 1125.
LaTeX Font Info:    Overwriting math alphabet `\mathnormalbold' in version `bol
d'
(Font)                  OT1/cmss/bx/n --> OT1/cmss/bx/n on input line 1125.

** subdued mode will be activated for the normal and bold math versions
** ! and ?
** punctuation: , . : ; and \colon
** minus as endash
** \hbar
** + and =
** adding = ; and + to \nfss@catcodes
** parentheses ( ) [ ] and slash /
** \# \mathdollar \% \& 
** \imath and \jmath 
** \HUGE has been (re)-defined.
** mathastext has declared larger sizes for subscripts.
** To keep LaTeX defaults, use option `defaultmathsizes'.
)
** ...entering subdued mode...
LaTeX Font Info:    Encoding `OT1' has changed to `OML' for symbol font
(Font)              `mtletterfont' in the math version `normal' on input line 3
6.
LaTeX Font Info:    Overwriting symbol font `mtletterfont' in version `normal'
(Font)                  OT1/cmss/m/n --> OML/cmm/m/it on input line 36.
LaTeX Font Info:    Encoding `OT1' has changed to `OML' for symbol font
(Font)              `mtletterfont' in the math version `bold' on input line 36.

LaTeX Font Info:    Overwriting symbol font `mtletterfont' in version `bold'
(Font)                  OT1/cmss/m/n --> OML/cmm/b/it on input line 36.
LaTeX Font Info:    Encoding `OT1' has changed to `T1' for symbol font
(Font)              `mtoperatorfont' in the math version `normal' on input line
 36.
LaTeX Font Info:    Overwriting symbol font `mtoperatorfont' in version `normal
'
(Font)                  OT1/cmss/m/n --> T1/cmr/m/n on input line 36.
LaTeX Font Info:    Encoding `OT1' has changed to `T1' for symbol font
(Font)              `mtoperatorfont' in the math version `bold' on input line 3
6.
LaTeX Font Info:    Overwriting symbol font `mtoperatorfont' in version `bold'
(Font)                  OT1/cmss/m/n --> T1/cmr/bx/n on input line 36.
** ...done.
\c@mv@augie=\count157
LaTeX Font Info:    Overwriting symbol font `mtletterfont' in version `augie'
(Font)                  OT1/cmss/m/n --> OT1/augie/m/n on input line 38.
** Latin letters in math version `augie' will use the font OT1/augie/m/n
** Other characters (digits, ...) and \log-like names will be in n shape.
LaTeX Font Info:    Overwriting math alphabet `\mathnormalbold' in version `aug
ie'
(Font)                  OT1/cmss/bx/n --> OT1/augie/bx/n on input line 38.
LaTeX Font Info:    Overwriting symbol font `mtoperatorfont' in version `augie'

(Font)                  OT1/cmss/m/n --> OT1/augie/m/n on input line 38.
LaTeX Font Info:    Overwriting math alphabet `\Mathbf' in version `augie'
(Font)                  OT1/cmss/bx/n --> OT1/augie/bx/n on input line 38.
LaTeX Font Info:    Overwriting math alphabet `\Mathit' in version `augie'
(Font)                  OT1/cmss/m/it --> OT1/augie/m/it on input line 38.
LaTeX Font Info:    Overwriting math alphabet `\Mathsf' in version `augie'
(Font)                  OT1/cmss/m/n --> OT1/cmss/m/n on input line 38.
LaTeX Font Info:    Overwriting math alphabet `\Mathtt' in version `augie'
(Font)                  OT1/cmtt/m/n --> OT1/cmtt/m/n on input line 38.
(/usr/local/texlive/2019/texmf-dist/tex/latex/textpos/textpos.sty
Package: textpos 2019/04/15 v1.9.1

Package: textpos 2019/04/15 1.9.1, absolute positioning of text on the page
\TP@textbox=\box54
\TP@holdbox=\box55
\TPHorizModule=\dimen189
\TPVertModule=\dimen190
\TP@margin=\dimen191
\TP@absmargin=\dimen192
Grid set 16 x 16 = 28.45274pt x 16.00467pt
\TPboxrulesize=\dimen193
\TP@ox=\dimen194
\TP@oy=\dimen195
\TP@tbargs=\toks47
\TP@prevdepth=\dimen196
TextBlockOrigin set to 0pt x 0pt
) (/usr/local/texlive/2019/texmf-dist/tex/latex/graphics/epsfig.sty
Package: epsfig 2017/06/25 v1.7b (e)psfig emulation (SPQR)
\epsfxsize=\dimen197
\epsfysize=\dimen198
)
(/usr/local/texlive/2019/texmf-dist/tex/latex/media9/media9.sty
(/usr/local/texlive/2019/texmf-dist/tex/latex/l3kernel/expl3.sty
Package: expl3 2019-05-07 L3 programming layer (loader) 

(/usr/local/texlive/2019/texmf-dist/tex/latex/l3kernel/expl3-code.tex
Package: expl3 2019-05-07 L3 programming layer (code)
\c_max_int=\count158
\l_tmpa_int=\count159
\l_tmpb_int=\count160
\g_tmpa_int=\count161
\g_tmpb_int=\count162
\g__kernel_prg_map_int=\count163
\c__ior_term_ior=\count164
\c_log_iow=\count165
\l_iow_line_count_int=\count166
\l__iow_line_target_int=\count167
\l__iow_one_indent_int=\count168
\l__iow_indent_int=\count169
\c_zero_dim=\dimen199
\c_max_dim=\dimen256
\l_tmpa_dim=\dimen257
\l_tmpb_dim=\dimen258
\g_tmpa_dim=\dimen259
\g_tmpb_dim=\dimen260
\c_zero_skip=\skip57
\c_max_skip=\skip58
\l_tmpa_skip=\skip59
\l_tmpb_skip=\skip60
\g_tmpa_skip=\skip61
\g_tmpb_skip=\skip62
\c_zero_muskip=\muskip15
\c_max_muskip=\muskip16
\l_tmpa_muskip=\muskip17
\l_tmpb_muskip=\muskip18
\g_tmpa_muskip=\muskip19
\g_tmpb_muskip=\muskip20
\l_keys_choice_int=\count170
\l__intarray_loop_int=\count171
\c__intarray_sp_dim=\dimen261
\g__intarray_font_int=\count172
\c__fp_leading_shift_int=\count173
\c__fp_middle_shift_int=\count174
\c__fp_trailing_shift_int=\count175
\c__fp_big_leading_shift_int=\count176
\c__fp_big_middle_shift_int=\count177
\c__fp_big_trailing_shift_int=\count178
\c__fp_Bigg_leading_shift_int=\count179
\c__fp_Bigg_middle_shift_int=\count180
\c__fp_Bigg_trailing_shift_int=\count181
\c__kernel_randint_max_int=\count182
\g__fp_array_int=\count183
\l__fp_array_loop_int=\count184
\l__sort_length_int=\count185
\l__sort_min_int=\count186
\l__sort_top_int=\count187
\l__sort_max_int=\count188
\l__sort_true_max_int=\count189
\l__sort_block_int=\count190
\l__sort_begin_int=\count191
\l__sort_end_int=\count192
\l__sort_A_int=\count193
\l__sort_B_int=\count194
\l__sort_C_int=\count195
\l__tl_analysis_normal_int=\count196
\l__tl_analysis_index_int=\count197
\l__tl_analysis_nesting_int=\count198
\l__tl_analysis_type_int=\count199
\l__regex_internal_a_int=\count266
\l__regex_internal_b_int=\count267
\l__regex_internal_c_int=\count268
\l__regex_balance_int=\count269
\l__regex_group_level_int=\count270
\l__regex_mode_int=\count271
\c__regex_cs_in_class_mode_int=\count272
\c__regex_cs_mode_int=\count273
\l__regex_catcodes_int=\count274
\l__regex_default_catcodes_int=\count275
\c__regex_catcode_D_int=\count276
\c__regex_catcode_S_int=\count277
\c__regex_catcode_L_int=\count278
\c__regex_catcode_O_int=\count279
\c__regex_catcode_A_int=\count280
\c__regex_all_catcodes_int=\count281
\l__regex_show_lines_int=\count282
\l__regex_min_state_int=\count283
\l__regex_max_state_int=\count284
\l__regex_left_state_int=\count285
\l__regex_right_state_int=\count286
\l__regex_capturing_group_int=\count287
\l__regex_min_pos_int=\count288
\l__regex_max_pos_int=\count289
\l__regex_curr_pos_int=\count290
\l__regex_start_pos_int=\count291
\l__regex_success_pos_int=\count292
\l__regex_curr_char_int=\count293
\l__regex_curr_catcode_int=\count294
\l__regex_last_char_int=\count295
\l__regex_case_changed_char_int=\count296
\l__regex_curr_state_int=\count297
\l__regex_step_int=\count298
\l__regex_min_active_int=\count299
\l__regex_max_active_int=\count300
\l__regex_replacement_csnames_int=\count301
\l__regex_match_count_int=\count302
\l__regex_min_submatch_int=\count303
\l__regex_submatch_int=\count304
\l__regex_zeroth_submatch_int=\count305
\g__regex_trace_regex_int=\count306
\c_empty_box=\box56
\l_tmpa_box=\box57
\l_tmpb_box=\box58
\g_tmpa_box=\box59
\g_tmpb_box=\box60
\l__box_top_dim=\dimen262
\l__box_bottom_dim=\dimen263
\l__box_left_dim=\dimen264
\l__box_right_dim=\dimen265
\l__box_top_new_dim=\dimen266
\l__box_bottom_new_dim=\dimen267
\l__box_left_new_dim=\dimen268
\l__box_right_new_dim=\dimen269
\l__box_internal_box=\box61
\l__coffin_internal_box=\box62
\l__coffin_internal_dim=\dimen270
\l__coffin_offset_x_dim=\dimen271
\l__coffin_offset_y_dim=\dimen272
\l__coffin_x_dim=\dimen273
\l__coffin_y_dim=\dimen274
\l__coffin_x_prime_dim=\dimen275
\l__coffin_y_prime_dim=\dimen276
\c_empty_coffin=\box63
\l__coffin_aligned_coffin=\box64
\l__coffin_aligned_internal_coffin=\box65
\l_tmpa_coffin=\box66
\l_tmpb_coffin=\box67
\g_tmpa_coffin=\box68
\g_tmpb_coffin=\box69
\l__coffin_bounding_shift_dim=\dimen277
\l__coffin_left_corner_dim=\dimen278
\l__coffin_right_corner_dim=\dimen279
\l__coffin_bottom_corner_dim=\dimen280
\l__coffin_top_corner_dim=\dimen281
\l__coffin_scaled_total_height_dim=\dimen282
\l__coffin_scaled_width_dim=\dimen283
\c__coffin_empty_coffin=\box70
\l__coffin_display_coffin=\box71
\l__coffin_display_coord_coffin=\box72
\l__coffin_display_pole_coffin=\box73
\l__coffin_display_offset_dim=\dimen284
\l__coffin_display_x_dim=\dimen285
\l__coffin_display_y_dim=\dimen286
\g__file_internal_ior=\read2
\l__seq_internal_a_int=\count307
\l__seq_internal_b_int=\count308
\c__deprecation_minus_one=\count309
)
(/usr/local/texlive/2019/texmf-dist/tex/latex/l3kernel/l3pdfmode.def
File: l3pdfmode.def 2019-04-06 v L3 Experimental driver: PDF mode
\l__driver_color_stack_int=\count310
\l__driver_pdf_tmp_box=\box74
))
(/usr/local/texlive/2019/texmf-dist/tex/latex/l3packages/l3keys2e/l3keys2e.sty
Package: l3keys2e 2019-05-03 LaTeX2e option processing using LaTeX3 keys
) (/usr/local/texlive/2019/texmf-dist/tex/latex/l3packages/xparse/xparse.sty
Package: xparse 2019-05-03 L3 Experimental document command parser
\l__xparse_current_arg_int=\count311
\g__xparse_grabber_int=\count312
\l__xparse_m_args_int=\count313
\l__xparse_v_nesting_int=\count314
)
Package: media9 2019/05/02 v0.97 acrobat-9/X compatible media
\g_mix_pkgresizeflag_int=\count315

(/usr/local/texlive/2019/texmf-dist/tex/latex/media9/pdfbase.sty
Package: pdfbase 2019/05/02 v0.28 driver independent access to low-level PDF fe
atures
\g_pbs_page_int=\count316
\g_pbs_oc_int=\count317
)
(/usr/local/texlive/2019/texmf-dist/tex/latex/ocgx2/ocgbase.sty
Package: ocgbase 2018/06/07 v0.14 support package for ocgx2.sty
\g_ocgbase_nd_int=\count318
)
\l_mix_poster_box=\box75
\g_mix_wd_dim=\dimen287
\g_mix_ht_dim=\dimen288
\g_mix_dp_dim=\dimen289
\g_mix_rmcnt_int=\count319
\l_mix_viewcnt_int=\count320
\g@mix@page@int=\count321
\g_mix_resizeflag_int=\count322
\l_mix_lineno_int=\count323
\l_mix_pbtn_box=\box76
\mix@btn@dim=\dimen290
\g_mix_mbtncnt_int=\count324
)
(/usr/local/texlive/2019/texmf-dist/tex/latex/animate/animate.sty
Package: animate 2019/04/09 PDF & SVG animations from files and inline graphics


(/usr/local/texlive/2019/texmf-dist/tex/latex/xkeyval/xkeyval.sty
Package: xkeyval 2014/12/03 v2.7a package option processing (HA)

(/usr/local/texlive/2019/texmf-dist/tex/generic/xkeyval/xkeyval.tex
(/usr/local/texlive/2019/texmf-dist/tex/generic/xkeyval/xkvutils.tex
\XKV@toks=\toks48
\XKV@tempa@toks=\toks49
)
\XKV@depth=\count325
File: xkeyval.tex 2014/12/03 v2.7a key=value parser (HA)
))
(/usr/local/texlive/2019/texmf-dist/tex/latex/base/ifthen.sty
Package: ifthen 2014/09/29 v1.1c Standard LaTeX ifthen package (DPC)
)
(/usr/local/texlive/2019/texmf-dist/tex/latex/oberdiek/ifdraft.sty
Package: ifdraft 2016/05/16 v1.4 Detect class options draft and final (HO)
)
(/usr/local/texlive/2019/texmf-dist/tex/latex/tools/calc.sty
Package: calc 2017/05/25 v4.3 Infix arithmetic (KKT,FJ)
\calc@Acount=\count326
\calc@Bcount=\count327
\calc@Adimen=\dimen291
\calc@Bdimen=\dimen292
\calc@Askip=\skip63
\calc@Bskip=\skip64
LaTeX Info: Redefining \setlength on input line 80.
LaTeX Info: Redefining \addtolength on input line 81.
\calc@Ccount=\count328
\calc@Cskip=\skip65
)
(/usr/local/texlive/2019/texmf-dist/tex/latex/oberdiek/zref-abspage.sty
Package: zref-abspage 2018/11/21 v2.27 Module abspage for zref (HO)

(/usr/local/texlive/2019/texmf-dist/tex/latex/oberdiek/zref-base.sty
Package: zref-base 2018/11/21 v2.27 Module base for zref (HO)
Package zref Info: New property list: main on input line 759.
Package zref Info: New property: default on input line 760.
Package zref Info: New property: page on input line 761.
)
\c@abspage=\count329
Package zref Info: New property: abspage on input line 62.
)
\@anim@box=\box77
\@anim@measbox=\box78
\@anim@tmpdima=\dimen293
\@anim@tmpdimb=\dimen294
\@anim@num=\count330
\@anim@curframe=\count331
\@anim@curframe@zb=\count332
\@anim@resizeflags=\count333
\@anim@skipfram=\count334
\@anim@mulframecnt=\count335
\@anim@@tmlnfile=\read3
\@anim@tmpcnt=\count336
\c@@anim@ltxcnt=\count337
\@anim@curlayer=\count338
\@anim@lineno=\count339
\@anim@curfield=\count340
\@anim@@resizeflags=\count341
)
(/usr/local/texlive/2019/texmf-dist/tex/generic/ulem/ulem.sty
\UL@box=\box79
\UL@hyphenbox=\box80
\UL@skip=\skip66
\UL@hook=\toks50
\UL@height=\dimen295
\UL@pe=\count342
\UL@pixel=\dimen296
\ULC@box=\box81
Package: ulem 2012/05/18
\ULdepth=\dimen297
)
(/usr/local/texlive/2019/texmf-dist/tex/latex/psfrag/psfrag.sty
Package: psfrag 1998/04/11 v3.04 PSfrag (MCG)
\pfg@pcount=\count343
\pfg@scount=\count344
\pfg@temp=\write5
)
(/usr/local/texlive/2019/texmf-dist/tex/latex/pstricks/pstcol.sty
Package: pstcol 2007/04/11 v1.3 LaTeX wrapper for `PSTricks' (RN,HV)


Package pstcol Warning: ************************************ 
(pstcol)                The package `pstcol' is obsolet! 
(pstcol)                You should use `pstricks' directly: 
(pstcol)                    \usepackage{pstricks}
(pstcol)                ************************************.

(/usr/local/texlive/2019/texmf-dist/tex/latex/pstricks/pstricks.sty
Package: pstricks 2018/12/21 v0.69 LaTeX wrapper for `PSTricks' (RN,HV)

(/usr/local/texlive/2019/texmf-dist/tex/generic/iftex/iftex.sty
Package: iftex 2013/04/04 v0.2 Provides if(tex) conditional for PDFTeX, XeTeX, 
and LuaTeX
)
(/usr/local/texlive/2019/texmf-dist/tex/latex/tools/shellesc.sty
Package: shellesc 2016/06/07 v0.02a unified shell escape interface for LaTeX
Package shellesc Info: Restricted shell escape enabled on input line 69.
)
(/usr/local/texlive/2019/texmf-dist/tex/generic/xkeyval/pst-xkey.tex
File: pst-xkey.tex 2005/11/25 v1.6 PSTricks specialization of xkeyval (HA)
)
(/usr/local/texlive/2019/texmf-dist/tex/generic/pstricks/pstricks.tex
(/usr/local/texlive/2019/texmf-dist/tex/generic/pstricks/pst-fp.tex
`pst-fp' v0.05, 2010/01/17 (hv)
\pstFP@xs=\count345
\pstFP@xia=\count346
\pstFP@xib=\count347
\pstFP@xfa=\count348
\pstFP@xfb=\count349
\pstFP@rega=\count350
\pstFP@regb=\count351
\pstFP@regs=\count352
\pstFP@times=\count353
)
\psLoopIndex=\count354

`PSTricks' v2.96  <2019/02/23> (tvz,hv)
\pst@dima=\dimen298
\pst@dimb=\dimen299
\pst@dimc=\dimen300
\pst@dimd=\dimen301
\pst@dimg=\dimen302
\pst@dimh=\dimen303
\pst@dimm=\dimen304
\pst@dimn=\dimen305
\pst@dimo=\dimen306
\pst@dimp=\dimen307
\pst@hbox=\box82
\pst@ibox=\box83
\pst@boxg=\box84
\pst@cnta=\count355
\pst@cntb=\count356
\pst@cntc=\count357
\pst@cntd=\count358
\pst@cntg=\count359
\pst@cnth=\count360
\pst@cntm=\count361
\pst@cntn=\count362
\pst@cnto=\count363
\pst@cntp=\count364
\@zero=\count365
\pst@toks=\toks51
(/usr/local/texlive/2019/texmf-dist/tex/generic/pstricks/pstricks.con)
\psunit=\dimen308
\psxunit=\dimen309
\psyunit=\dimen310
\pst@C@@rType=\count366
\pslinewidth=\dimen311
\psk@startLW=\dimen312
\psk@endLW=\dimen313
\pst@customdefs=\toks52
\pslinearc=\dimen314
\pst@symbolStep=\dimen315
\pst@symbolWidth=\dimen316
\pst@symbolLinewidth=\dimen317
\everypsbox=\toks53
\psframesep=\dimen318
\pslabelsep=\dimen319
\sh@wgridXunit=\dimen320
\sh@wgridYunit=\dimen321
\pst@shift=\dimen322
)
File: pstricks.tex 2019/02/23 v2.96 `PSTricks' (tvz,hv)

(/usr/local/texlive/2019/texmf-dist/tex/generic/pstricks/pst-fp.tex)
File: pst-fp.tex 2019/02/23 v2.96 `PST-fp' (hv)
))
(/usr/local/texlive/2019/texmf-dist/tex/latex/soul/soul.sty
Package: soul 2003/11/17 v2.4 letterspacing/underlining (mf)
\SOUL@word=\toks54
\SOUL@lasttoken=\toks55
\SOUL@cmds=\toks56
\SOUL@buffer=\toks57
\SOUL@token=\toks58
\SOUL@spaceskip=\skip67
\SOUL@ttwidth=\dimen323
\SOUL@uldp=\dimen324
\SOUL@ulht=\dimen325
)
(/usr/local/texlive/2019/texmf-dist/tex/latex/cancel/cancel.sty
Package: cancel 2013/04/12 v2.2 Cancel math terms
)
(/usr/local/texlive/2019/texmf-dist/tex/latex/movie15/movie15.sty
Package: movie15 2012/05/16
\@MXV@page=\count367
\@MXV@adict=\count368
\@MXV@aadict=\count369
\@MXV@includes=\count370
\@MXV@players=\count371
\@MXV@links=\count372
\@MXV@width=\dimen326
\@MXV@height=\dimen327
\@MXV@depth=\dimen328
\@MXV@totalheight=\dimen329
\@MXV@@boxdepth=\dimen330
\@MXV@traiselen=\dimen331
\@MXV@braiselen=\dimen332
\@MXV@start=\dimen333
\@MXV@end=\dimen334
\@MXV@textbox=\box85
)
(/usr/local/texlive/2019/texmf-dist/tex/latex/pgf/basiclayer/pgf.sty
Loading pgf.sty

(/usr/local/texlive/2019/texmf-dist/tex/generic/pgf/modules/pgfmoduleshapes.cod
e.tex
File: pgfmoduleshapes.code.tex 2019/04/04 v3.1.2 (3.1.2)
\pgfnodeparttextbox=\box86
)
(/usr/local/texlive/2019/texmf-dist/tex/generic/pgf/modules/pgfmoduleplot.code.
tex
File: pgfmoduleplot.code.tex 2019/04/04 v3.1.2 (3.1.2)
)
(/usr/local/texlive/2019/texmf-dist/tex/latex/pgf/compatibility/pgfcomp-version
-0-65.sty
Loading pgfcomp-version-0-65.sty
\pgf@nodesepstart=\dimen335
\pgf@nodesepend=\dimen336
)
(/usr/local/texlive/2019/texmf-dist/tex/latex/pgf/compatibility/pgfcomp-version
-1-18.sty
Loading pgfcomp-version-1-18.sty
)) (/usr/local/texlive/2019/texmf-dist/tex/latex/wasysym/wasysym.sty
Package: wasysym 2003/10/30 v2.0 Wasy-2 symbol support package
\symwasy=\mathgroup8
LaTeX Font Info:    Overwriting symbol font `wasy' in version `bold'
(Font)                  U/wasy/m/n --> U/wasy/b/n on input line 90.
)
(/usr/local/texlive/2019/texmf-dist/tex/latex/psnfss/pifont.sty
Package: pifont 2005/04/12 PSNFSS-v9.2a Pi font support (SPQR) 
LaTeX Font Info:    Try loading font information for U+pzd on input line 63.

(/usr/local/texlive/2019/texmf-dist/tex/latex/psnfss/upzd.fd
File: upzd.fd 2001/06/04 font definitions for U/pzd.
)
LaTeX Font Info:    Try loading font information for U+psy on input line 64.

(/usr/local/texlive/2019/texmf-dist/tex/latex/psnfss/upsy.fd
File: upsy.fd 2001/06/04 font definitions for U/psy.
))
(/usr/local/texlive/2019/texmf-dist/tex/generic/babel/babel.sty
Package: babel 2019/05/04 3.31 The Babel package

(/usr/local/texlive/2019/texmf-dist/tex/generic/babel/switch.def
File: switch.def 2019/05/04 3.31 Babel switching mechanism
)
(/usr/local/texlive/2019/texmf-dist/tex/generic/babel-english/english.ldf
Language: english 2017/06/06 v3.3r English support from the babel system

(/usr/local/texlive/2019/texmf-dist/tex/generic/babel/babel.def
File: babel.def 2019/05/04 3.31 Babel common definitions
\babel@savecnt=\count373
\U@D=\dimen337

(/usr/local/texlive/2019/texmf-dist/tex/generic/babel/txtbabel.def)
LaTeX Info: Redefining \textlatin on input line 2089.
\bbl@dirlevel=\count374
)
\l@canadian = a dialect from \language\l@american 
\l@australian = a dialect from \language\l@british 
\l@newzealand = a dialect from \language\l@british 
))
(./commands.tex)

Package hyperref Warning: Token not allowed in a PDF string (PDFDocEncoding):
(hyperref)                removing `math shift' on input line 97.


Package hyperref Warning: Token not allowed in a PDF string (PDFDocEncoding):
(hyperref)                removing `superscript' on input line 97.


Package hyperref Warning: Token not allowed in a PDF string (PDFDocEncoding):
(hyperref)                removing `math shift' on input line 97.


Package hyperref Warning: Token not allowed in a PDF string (PDFDocEncoding):
(hyperref)                removing `math shift' on input line 97.


Package hyperref Warning: Token not allowed in a PDF string (PDFDocEncoding):
(hyperref)                removing `superscript' on input line 97.


Package hyperref Warning: Token not allowed in a PDF string (PDFDocEncoding):
(hyperref)                removing `math shift' on input line 97.


Package hyperref Warning: Token not allowed in a PDF string (PDFDocEncoding):
(hyperref)                removing `math shift' on input line 97.


Package hyperref Warning: Token not allowed in a PDF string (PDFDocEncoding):
(hyperref)                removing `superscript' on input line 97.


Package hyperref Warning: Token not allowed in a PDF string (PDFDocEncoding):
(hyperref)                removing `math shift' on input line 97.


Package hyperref Warning: Token not allowed in a PDF string (PDFDocEncoding):
(hyperref)                removing `\new@ifnextchar' on input line 97.

\c@proposition=\count375
(./main-WENO-GF-FD.aux)
\openout1 = `main-WENO-GF-FD.aux'.

LaTeX Font Info:    Checking defaults for OML/cmm/m/it on input line 146.
LaTeX Font Info:    ... okay on input line 146.
LaTeX Font Info:    Checking defaults for T1/cmr/m/n on input line 146.
LaTeX Font Info:    ... okay on input line 146.
LaTeX Font Info:    Checking defaults for OT1/cmr/m/n on input line 146.
LaTeX Font Info:    ... okay on input line 146.
LaTeX Font Info:    Checking defaults for OMS/cmsy/m/n on input line 146.
LaTeX Font Info:    ... okay on input line 146.
LaTeX Font Info:    Checking defaults for OMX/cmex/m/n on input line 146.
LaTeX Font Info:    ... okay on input line 146.
LaTeX Font Info:    Checking defaults for U/cmr/m/n on input line 146.
LaTeX Font Info:    ... okay on input line 146.
LaTeX Font Info:    Checking defaults for PD1/pdf/m/n on input line 146.
LaTeX Font Info:    ... okay on input line 146.

*geometry* driver: auto-detecting
*geometry* detected driver: pdftex
*geometry* verbose mode - [ preamble ] result:
* driver: pdftex
* paper: custom
* layout: <same size as paper>
* layoutoffset:(h,v)=(0.0pt,0.0pt)
* modes: includehead includefoot 
* h-part:(L,W,R)=(46.72636pt, 394.29135pt, 14.22636pt)
* v-part:(T,H,B)=(0.0pt, 256.0748pt, 0.0pt)
* \paperwidth=455.24408pt
* \paperheight=256.0748pt
* \textwidth=394.29135pt
* \textheight=227.62207pt
* \oddsidemargin=-25.54362pt
* \evensidemargin=-25.54362pt
* \topmargin=-72.26999pt
* \headheight=14.22636pt
* \headsep=0.0pt
* \topskip=9.0pt
* \footskip=14.22636pt
* \marginparwidth=4.0pt
* \marginparsep=10.0pt
* \columnsep=10.0pt
* \skip\footins=8.0pt plus 4.0pt minus 2.0pt
* \hoffset=0.0pt
* \voffset=0.0pt
* \mag=1000
* \@twocolumnfalse
* \@twosidefalse
* \@mparswitchfalse
* \@reversemarginfalse
* (1in=72.27pt=25.4mm, 1cm=28.453pt)

(/usr/local/texlive/2019/texmf-dist/tex/context/base/mkii/supp-pdf.mkii
[Loading MPS to PDF converter (version 2006.09.02).]
\scratchcounter=\count376
\scratchdimen=\dimen338
\scratchbox=\box87
\nofMPsegments=\count377
\nofMParguments=\count378
\everyMPshowfont=\toks59
\MPscratchCnt=\count379
\MPscratchDim=\dimen339
\MPnumerator=\count380
\makeMPintoPDFobject=\count381
\everyMPtoPDFconversion=\toks60
) (/usr/local/texlive/2019/texmf-dist/tex/latex/oberdiek/epstopdf-base.sty
Package: epstopdf-base 2016/05/15 v2.6 Base part for package epstopdf

(/usr/local/texlive/2019/texmf-dist/tex/latex/oberdiek/grfext.sty
Package: grfext 2016/05/16 v1.2 Manage graphics extensions (HO)
)
Package epstopdf-base Info: Redefining graphics rule for `.eps' on input line 4
38.
Package grfext Info: Graphics extension search list:
(grfext)             [.pdf,.png,.jpg,.mps,.jpeg,.jbig2,.jb2,.PDF,.PNG,.JPG,.JPE
G,.JBIG2,.JB2,.eps]
(grfext)             \AppendGraphicsExtensions on input line 456.

(/usr/local/texlive/2019/texmf-dist/tex/latex/latexconfig/epstopdf-sys.cfg
File: epstopdf-sys.cfg 2010/07/13 v1.3 Configuration of (r)epstopdf for TeX Liv
e
))
ABD: EveryShipout initializing macros
\AtBeginShipoutBox=\box88
Package hyperref Info: Link coloring OFF on input line 146.

(/usr/local/texlive/2019/texmf-dist/tex/latex/hyperref/nameref.sty
Package: nameref 2016/05/21 v2.44 Cross-referencing by name of section

(/usr/local/texlive/2019/texmf-dist/tex/generic/oberdiek/gettitlestring.sty
Package: gettitlestring 2016/05/16 v1.5 Cleanup title references (HO)
)
\c@section@level=\count382
)
LaTeX Info: Redefining \ref on input line 146.
LaTeX Info: Redefining \pageref on input line 146.
LaTeX Info: Redefining \nameref on input line 146.

(./main-WENO-GF-FD.out) (./main-WENO-GF-FD.out)
\@outlinefile=\write6
\openout6 = `main-WENO-GF-FD.out'.


(/usr/local/texlive/2019/texmf-dist/tex/latex/translator/translator-basic-dicti
onary-English.dict
Dictionary: translator-basic-dictionary, Language: English 
)
(/usr/local/texlive/2019/texmf-dist/tex/latex/translator/translator-bibliograph
y-dictionary-English.dict
Dictionary: translator-bibliography-dictionary, Language: English 
)
(/usr/local/texlive/2019/texmf-dist/tex/latex/translator/translator-environment
-dictionary-English.dict
Dictionary: translator-environment-dictionary, Language: English 
)
(/usr/local/texlive/2019/texmf-dist/tex/latex/translator/translator-months-dict
ionary-English.dict
Dictionary: translator-months-dictionary, Language: English 
)
(/usr/local/texlive/2019/texmf-dist/tex/latex/translator/translator-numbers-dic
tionary-English.dict
Dictionary: translator-numbers-dictionary, Language: English 
)
(/usr/local/texlive/2019/texmf-dist/tex/latex/translator/translator-theorem-dic
tionary-English.dict
Dictionary: translator-theorem-dictionary, Language: English 
)
Package mathastext Info: current meaning of amsmath \resetMathstrut@ saved on i
nput line 146.
 (./main-WENO-GF-FD.nav)
LaTeX Font Info:    Try loading font information for U+msa on input line 187.

(/usr/local/texlive/2019/texmf-dist/tex/latex/amsfonts/umsa.fd
File: umsa.fd 2013/01/14 v3.01 AMS symbols A
)
LaTeX Font Info:    Try loading font information for U+msb on input line 187.

(/usr/local/texlive/2019/texmf-dist/tex/latex/amsfonts/umsb.fd
File: umsb.fd 2013/01/14 v3.01 AMS symbols B
)
LaTeX Font Info:    Try loading font information for U+wasy on input line 187.

(/usr/local/texlive/2019/texmf-dist/tex/latex/wasysym/uwasy.fd
File: uwasy.fd 2003/10/30 v2.0 Wasy-2 symbol font definitions
)

pdfTeX warning: /Library/TeX/texbin/pdflatex (file ./inr_logo_noir.pdf): PDF in
clusion: found PDF version <1.7>, but at most version <1.5> allowed
<inr_logo_noir.pdf, id=27, 310.59837pt x 109.13774pt>
File: inr_logo_noir.pdf Graphic file (type pdf)
<use inr_logo_noir.pdf>
Package pdftex.def Info: inr_logo_noir.pdf  used on input line 187.
(pdftex.def)             Requested size: 28.45274pt x 9.99683pt.
[1
Non-PDF special ignored!
<special> header=psfrag.pro
Non-PDF special ignored!
<special> header=pstricks.pro
Non-PDF special ignored!
<special> header=pst-algparser.pro
Non-PDF special ignored!
<special> header=pst-tools.pro
Non-PDF special ignored!
<special> header=pst-dots.pro
{/usr/local/texlive/2019/texmf-var/fonts/map/pdftex/updmap/pdftex.map}


Non-PDF special ignored!
<special> ps: /pssetRGBcolor /setrgbcolor load def /pssetCMYKcolor /setcmyk...
Non-PDF special ignored!
<special> ps:tx@Dict begin  gsave STV CP T /ps@rot 0 def grestore  end
Non-PDF special ignored!
<special> ps:tx@Dict begin  gsave STV CP T /ps@refangle 0.  def grestore  e...
 <./inr_logo_noir.pdf>] (./honom-slides-batch1.tex
File: inr_logo_noir.pdf Graphic file (type pdf)
<use inr_logo_noir.pdf>
Package pdftex.def Info: inr_logo_noir.pdf  used on input line 32.
(pdftex.def)             Requested size: 28.45274pt x 9.99683pt.
 [2

]
File: inr_logo_noir.pdf Graphic file (type pdf)
<use inr_logo_noir.pdf>
Package pdftex.def Info: inr_logo_noir.pdf  used on input line 64.
(pdftex.def)             Requested size: 28.45274pt x 9.99683pt.
 [3

]
File: inr_logo_noir.pdf Graphic file (type pdf)
<use inr_logo_noir.pdf>
Package pdftex.def Info: inr_logo_noir.pdf  used on input line 103.
(pdftex.def)             Requested size: 28.45274pt x 9.99683pt.
 [4

]
File: inr_logo_noir.pdf Graphic file (type pdf)
<use inr_logo_noir.pdf>
Package pdftex.def Info: inr_logo_noir.pdf  used on input line 153.
(pdftex.def)             Requested size: 28.45274pt x 9.99683pt.
 [5

])
(./weno-fd-slides.tex
File: inr_logo_noir.pdf Graphic file (type pdf)
<use inr_logo_noir.pdf>
Package pdftex.def Info: inr_logo_noir.pdf  used on input line 87.
(pdftex.def)             Requested size: 28.45274pt x 9.99683pt.
<circle1.png, id=100, 147.4308pt x 148.3944pt>
File: circle1.png Graphic file (type png)
<use circle1.png>
Package pdftex.def Info: circle1.png  used on input line 87.
(pdftex.def)             Requested size: 8.5359pt x 8.59079pt.
 [6

 <./circle1.png>]
File: inr_logo_noir.pdf Graphic file (type pdf)
<use inr_logo_noir.pdf>
Package pdftex.def Info: inr_logo_noir.pdf  used on input line 87.
(pdftex.def)             Requested size: 28.45274pt x 9.99683pt.
File: circle1.png Graphic file (type png)
<use circle1.png>
Package pdftex.def Info: circle1.png  used on input line 87.
(pdftex.def)             Requested size: 8.5359pt x 8.59079pt.
 [7

]
File: inr_logo_noir.pdf Graphic file (type pdf)
<use inr_logo_noir.pdf>
Package pdftex.def Info: inr_logo_noir.pdf  used on input line 87.
(pdftex.def)             Requested size: 28.45274pt x 9.99683pt.
<./height_supercrit.png, id=128, 1267.73625pt x 703.12688pt>
File: ./height_supercrit.png Graphic file (type png)
<use ./height_supercrit.png>
Package pdftex.def Info: ./height_supercrit.png  used on input line 87.
(pdftex.def)             Requested size: 99.58328pt x 35.55536pt.
<./GF-FV-WENO-conv.png, id=129, 584.9052pt x 270.2898pt>
File: ./GF-FV-WENO-conv.png Graphic file (type png)
<use ./GF-FV-WENO-conv.png>
Package pdftex.def Info: ./GF-FV-WENO-conv.png  used on input line 87.
(pdftex.def)             Requested size: 236.57721pt x 109.32654pt.
File: circle1.png Graphic file (type png)
<use circle1.png>
Package pdftex.def Info: circle1.png  used on input line 87.
(pdftex.def)             Requested size: 8.5359pt x 8.59079pt.
 [8

 <./height_supercrit.png> <./GF-FV-WENO-conv.png>]
File: inr_logo_noir.pdf Graphic file (type pdf)
<use inr_logo_noir.pdf>
Package pdftex.def Info: inr_logo_noir.pdf  used on input line 87.
(pdftex.def)             Requested size: 28.45274pt x 9.99683pt.
<./GF-WENO-FV-pert.png, id=141, 615.2586pt x 180.675pt>
File: ./GF-WENO-FV-pert.png Graphic file (type png)
<use ./GF-WENO-FV-pert.png>
Package pdftex.def Info: ./GF-WENO-FV-pert.png  used on input line 87.
(pdftex.def)             Requested size: 354.8598pt x 104.2071pt.
File: circle1.png Graphic file (type png)
<use circle1.png>
Package pdftex.def Info: circle1.png  used on input line 87.
(pdftex.def)             Requested size: 8.5359pt x 8.59079pt.
 [9

 <./GF-WENO-FV-pert.png>]
File: inr_logo_noir.pdf Graphic file (type pdf)
<use inr_logo_noir.pdf>
Package pdftex.def Info: inr_logo_noir.pdf  used on input line 87.
(pdftex.def)             Requested size: 28.45274pt x 9.99683pt.
File: circle1.png Graphic file (type png)
<use circle1.png>
Package pdftex.def Info: circle1.png  used on input line 87.
(pdftex.def)             Requested size: 8.5359pt x 8.59079pt.
 [10

]
File: inr_logo_noir.pdf Graphic file (type pdf)
<use inr_logo_noir.pdf>
Package pdftex.def Info: inr_logo_noir.pdf  used on input line 255.
(pdftex.def)             Requested size: 28.45274pt x 9.99683pt.
File: circle1.png Graphic file (type png)
<use circle1.png>
Package pdftex.def Info: circle1.png  used on input line 255.
(pdftex.def)             Requested size: 8.5359pt x 8.59079pt.
 [11

]
File: inr_logo_noir.pdf Graphic file (type pdf)
<use inr_logo_noir.pdf>
Package pdftex.def Info: inr_logo_noir.pdf  used on input line 255.
(pdftex.def)             Requested size: 28.45274pt x 9.99683pt.
File: circle1.png Graphic file (type png)
<use circle1.png>
Package pdftex.def Info: circle1.png  used on input line 255.
(pdftex.def)             Requested size: 8.5359pt x 8.59079pt.
 [12

]
File: inr_logo_noir.pdf Graphic file (type pdf)
<use inr_logo_noir.pdf>
Package pdftex.def Info: inr_logo_noir.pdf  used on input line 255.
(pdftex.def)             Requested size: 28.45274pt x 9.99683pt.
File: circle1.png Graphic file (type png)
<use circle1.png>
Package pdftex.def Info: circle1.png  used on input line 255.
(pdftex.def)             Requested size: 8.5359pt x 8.59079pt.
 [13

]
File: inr_logo_noir.pdf Graphic file (type pdf)
<use inr_logo_noir.pdf>
Package pdftex.def Info: inr_logo_noir.pdf  used on input line 255.
(pdftex.def)             Requested size: 28.45274pt x 9.99683pt.
<../figs/WENO-FD/figures/Burgers/convergence_steady/convburg-weno3.png, id=197,
 1027.84pt x 698.61pt>
File: ../figs/WENO-FD/figures/Burgers/convergence_steady/convburg-weno3.png Gra
phic file (type png)
<use ../figs/WENO-FD/figures/Burgers/convergence_steady/convburg-weno3.png>
Package pdftex.def Info: ../figs/WENO-FD/figures/Burgers/convergence_steady/con
vburg-weno3.png  used on input line 255.
(pdftex.def)             Requested size: 157.71713pt x 107.1961pt.
<../figs/WENO-FD/figures/Burgers/convergence_steady/convburg-weno5.png, id=198,
 1027.84pt x 698.61pt>
File: ../figs/WENO-FD/figures/Burgers/convergence_steady/convburg-weno5.png Gra
phic file (type png)
<use ../figs/WENO-FD/figures/Burgers/convergence_steady/convburg-weno5.png>
Package pdftex.def Info: ../figs/WENO-FD/figures/Burgers/convergence_steady/con
vburg-weno5.png  used on input line 255.
(pdftex.def)             Requested size: 157.71713pt x 107.1961pt.
File: circle1.png Graphic file (type png)
<use circle1.png>
Package pdftex.def Info: circle1.png  used on input line 255.
(pdftex.def)             Requested size: 8.5359pt x 8.59079pt.
 [14

 <../figs/WENO-FD/figures/Burgers/convergence_steady/convburg-weno3.png (PNG co
py)> <../figs/WENO-FD/figures/Burgers/convergence_steady/convburg-weno5.png (PN
G copy)>]
File: inr_logo_noir.pdf Graphic file (type pdf)
<use inr_logo_noir.pdf>
Package pdftex.def Info: inr_logo_noir.pdf  used on input line 255.
(pdftex.def)             Requested size: 28.45274pt x 9.99683pt.
<../figs/WENO-FD/figures/Burgers/perturbations/oscillation.png, id=209, 557.924
4pt x 420.6114pt>
File: ../figs/WENO-FD/figures/Burgers/perturbations/oscillation.png Graphic fil
e (type png)
<use ../figs/WENO-FD/figures/Burgers/perturbations/oscillation.png>
Package pdftex.def Info: ../figs/WENO-FD/figures/Burgers/perturbations/oscillat
ion.png  used on input line 255.
(pdftex.def)             Requested size: 157.71713pt x 118.89995pt.
<../figs/WENO-FD/figures/Burgers/perturbations/weno3_AM_stationary_n150.pdf, id
=210, 421.575pt x 316.18124pt>
File: ../figs/WENO-FD/figures/Burgers/perturbations/weno3_AM_stationary_n150.pd
f Graphic file (type pdf)
<use ../figs/WENO-FD/figures/Burgers/perturbations/weno3_AM_stationary_n150.pdf
>
Package pdftex.def Info: ../figs/WENO-FD/figures/Burgers/perturbations/weno3_AM
_stationary_n150.pdf  used on input line 255.
(pdftex.def)             Requested size: 167.57503pt x 125.68385pt.
File: circle1.png Graphic file (type png)
<use circle1.png>
Package pdftex.def Info: circle1.png  used on input line 255.
(pdftex.def)             Requested size: 8.5359pt x 8.59079pt.
 [15

 <../figs/WENO-FD/figures/Burgers/perturbations/oscillation.png> <../figs/WENO-
FD/figures/Burgers/perturbations/weno3_AM_stationary_n150.pdf>]
File: inr_logo_noir.pdf Graphic file (type pdf)
<use inr_logo_noir.pdf>
Package pdftex.def Info: inr_logo_noir.pdf  used on input line 255.
(pdftex.def)             Requested size: 28.45274pt x 9.99683pt.
<../figs/WENO-FD/figures/Burgers/perturbations/initial_cond_DISC_n150.pdf, id=2
37, 421.575pt x 316.18124pt>
File: ../figs/WENO-FD/figures/Burgers/perturbations/initial_cond_DISC_n150.pdf 
Graphic file (type pdf)
<use ../figs/WENO-FD/figures/Burgers/perturbations/initial_cond_DISC_n150.pdf>
Package pdftex.def Info: ../figs/WENO-FD/figures/Burgers/perturbations/initial_
cond_DISC_n150.pdf  used on input line 255.
(pdftex.def)             Requested size: 157.71713pt x 118.28784pt.
<../figs/WENO-FD/figures/Burgers/perturbations/weno3_AM_DISC_n150.pdf, id=238, 
421.575pt x 316.0608pt>
File: ../figs/WENO-FD/figures/Burgers/perturbations/weno3_AM_DISC_n150.pdf Grap
hic file (type pdf)
<use ../figs/WENO-FD/figures/Burgers/perturbations/weno3_AM_DISC_n150.pdf>
Package pdftex.def Info: ../figs/WENO-FD/figures/Burgers/perturbations/weno3_AM
_DISC_n150.pdf  used on input line 255.
(pdftex.def)             Requested size: 167.57503pt x 125.63597pt.
File: circle1.png Graphic file (type png)
<use circle1.png>
Package pdftex.def Info: circle1.png  used on input line 255.
(pdftex.def)             Requested size: 8.5359pt x 8.59079pt.
 [16

 <../figs/WENO-FD/figures/Burgers/perturbations/initial_cond_DISC_n150.pdf> <..
/figs/WENO-FD/figures/Burgers/perturbations/weno3_AM_DISC_n150.pdf>]
File: inr_logo_noir.pdf Graphic file (type pdf)
<use inr_logo_noir.pdf>
Package pdftex.def Info: inr_logo_noir.pdf  used on input line 255.
(pdftex.def)             Requested size: 28.45274pt x 9.99683pt.
<../figs/WENO-FD/figures/SW/Subcritical/super-ini.png, id=269, 270.2898pt x 196
.0926pt>
File: ../figs/WENO-FD/figures/SW/Subcritical/super-ini.png Graphic file (type p
ng)
<use ../figs/WENO-FD/figures/SW/Subcritical/super-ini.png>
Package pdftex.def Info: ../figs/WENO-FD/figures/SW/Subcritical/super-ini.png  
used on input line 255.
(pdftex.def)             Requested size: 157.71413pt x 114.42197pt.
<../figs/WENO-FD/figures/SW/Subcritical/conv.png, id=270, 1027.84pt x 738.76pt>

File: ../figs/WENO-FD/figures/SW/Subcritical/conv.png Graphic file (type png)
<use ../figs/WENO-FD/figures/SW/Subcritical/conv.png>
Package pdftex.def Info: ../figs/WENO-FD/figures/SW/Subcritical/conv.png  used 
on input line 255.
(pdftex.def)             Requested size: 189.26248pt x 136.02591pt.
File: circle1.png Graphic file (type png)
<use circle1.png>
Package pdftex.def Info: circle1.png  used on input line 255.
(pdftex.def)             Requested size: 8.5359pt x 8.59079pt.
 [17

 <../figs/WENO-FD/figures/SW/Subcritical/super-ini.png> <../figs/WENO-FD/figure
s/SW/Subcritical/conv.png (PNG copy)>]
File: inr_logo_noir.pdf Graphic file (type pdf)
<use inr_logo_noir.pdf>
Package pdftex.def Info: inr_logo_noir.pdf  used on input line 255.
(pdftex.def)             Requested size: 28.45274pt x 9.99683pt.
<../figs/WENO-FD/figures/SW/perturbations/weno3_sup_DISCsmall_n100_error_ini.pd
f, id=283, 421.575pt x 316.0608pt>
File: ../figs/WENO-FD/figures/SW/perturbations/weno3_sup_DISCsmall_n100_error_i
ni.pdf Graphic file (type pdf)
<use ../figs/WENO-FD/figures/SW/perturbations/weno3_sup_DISCsmall_n100_error_in
i.pdf>
Package pdftex.def Info: ../figs/WENO-FD/figures/SW/perturbations/weno3_sup_DIS
Csmall_n100_error_ini.pdf  used on input line 255.
(pdftex.def)             Requested size: 177.4299pt x 133.02434pt.
<../figs/WENO-FD/figures/SW/perturbations/weno3_sup_DISCsmall_n100_error_h.pdf,
 id=284, 421.575pt x 316.0608pt>
File: ../figs/WENO-FD/figures/SW/perturbations/weno3_sup_DISCsmall_n100_error_h
.pdf Graphic file (type pdf)
<use ../figs/WENO-FD/figures/SW/perturbations/weno3_sup_DISCsmall_n100_error_h.
pdf>
Package pdftex.def Info: ../figs/WENO-FD/figures/SW/perturbations/weno3_sup_DIS
Csmall_n100_error_h.pdf  used on input line 255.
(pdftex.def)             Requested size: 177.4299pt x 133.02434pt.
File: circle1.png Graphic file (type png)
<use circle1.png>
Package pdftex.def Info: circle1.png  used on input line 255.
(pdftex.def)             Requested size: 8.5359pt x 8.59079pt.
 [18

 <../figs/WENO-FD/figures/SW/perturbations/weno3_sup_DISCsmall_n100_error_ini.p
df> <../figs/WENO-FD/figures/SW/perturbations/weno3_sup_DISCsmall_n100_error_h.
pdf

pdfTeX warning: /Library/TeX/texbin/pdflatex (file ../figs/WENO-FD/figures/SW/p
erturbations/weno3_sup_DISCsmall_n100_error_h.pdf): PDF inclusion: multiple pdf
s with page group included in a single page
>]
File: inr_logo_noir.pdf Graphic file (type pdf)
<use inr_logo_noir.pdf>
Package pdftex.def Info: inr_logo_noir.pdf  used on input line 255.
(pdftex.def)             Requested size: 28.45274pt x 9.99683pt.
<../figs/WENO-FD/figures/SW/perturbations/initial_discbig.pdf, id=307, 391.2216
pt x 300.1614pt>
File: ../figs/WENO-FD/figures/SW/perturbations/initial_discbig.pdf Graphic file
 (type pdf)
<use ../figs/WENO-FD/figures/SW/perturbations/initial_discbig.pdf>
Package pdftex.def Info: ../figs/WENO-FD/figures/SW/perturbations/initial_discb
ig.pdf  used on input line 255.
(pdftex.def)             Requested size: 177.4299pt x 136.12938pt.
<../figs/WENO-FD/figures/SW/perturbations/weno3_evolution_upAM61.pdf, id=308, 3
90.25798pt x 302.5704pt>
File: ../figs/WENO-FD/figures/SW/perturbations/weno3_evolution_upAM61.pdf Graph
ic file (type pdf)
<use ../figs/WENO-FD/figures/SW/perturbations/weno3_evolution_upAM61.pdf>
Package pdftex.def Info: ../figs/WENO-FD/figures/SW/perturbations/weno3_evoluti
on_upAM61.pdf  used on input line 255.
(pdftex.def)             Requested size: 177.4299pt x 137.56355pt.
File: circle1.png Graphic file (type png)
<use circle1.png>
Package pdftex.def Info: circle1.png  used on input line 255.
(pdftex.def)             Requested size: 8.5359pt x 8.59079pt.
 [19

 <../figs/WENO-FD/figures/SW/perturbations/initial_discbig.pdf> <../figs/WENO-F
D/figures/SW/perturbations/weno3_evolution_upAM61.pdf

pdfTeX warning: /Library/TeX/texbin/pdflatex (file ../figs/WENO-FD/figures/SW/p
erturbations/weno3_evolution_upAM61.pdf): PDF inclusion: multiple pdfs with pag
e group included in a single page
>]
File: inr_logo_noir.pdf Graphic file (type pdf)
<use inr_logo_noir.pdf>
Package pdftex.def Info: inr_logo_noir.pdf  used on input line 255.
(pdftex.def)             Requested size: 28.45274pt x 9.99683pt.
File: circle1.png Graphic file (type png)
<use circle1.png>
Package pdftex.def Info: circle1.png  used on input line 255.
(pdftex.def)             Requested size: 8.5359pt x 8.59079pt.
 [20

])
File: inr_logo_noir.pdf Graphic file (type pdf)
<use inr_logo_noir.pdf>
Package pdftex.def Info: inr_logo_noir.pdf  used on input line 247.
(pdftex.def)             Requested size: 28.45274pt x 9.99683pt.
 [21

]
\tf@nav=\write7
\openout7 = `main-WENO-GF-FD.nav'.

\tf@toc=\write8
\openout8 = `main-WENO-GF-FD.toc'.

\tf@snm=\write9
\openout9 = `main-WENO-GF-FD.snm'.



Package movie15 Warning: @@@@@@@@@@@@@@@@@@@@@@@@@@@@@@@@@@@@@@@
(movie15)                @@ Package `movie15' is obsolete and @@
(movie15)                @@ superseded by `media9'.           @@
(movie15)                @@@@@@@@@@@@@@@@@@@@@@@@@@@@@@@@@@@@@@@.

Package atveryend Info: Empty hook `BeforeClearDocument' on input line 268.
Package atveryend Info: Empty hook `AfterLastShipout' on input line 268.
(./main-WENO-GF-FD.aux)
Package atveryend Info: Executing hook `AtVeryEndDocument' on input line 268.
Package atveryend Info: Executing hook `AtEndAfterFileList' on input line 268.
Package rerunfilecheck Info: File `main-WENO-GF-FD.out' has not changed.
(rerunfilecheck)             Checksum: 2E1DC2B0C95133127BED79E7CC5BB4AA;204.
 ) 
Here is how much of TeX's memory you used:
 33027 strings out of 492616
 629550 string characters out of 6129481
 776936 words of memory out of 5000000
 36281 multiletter control sequences out of 15000+600000
 553084 words of font info for 90 fonts, out of 8000000 for 9000
 1141 hyphenation exceptions out of 8191
 48i,15n,63p,782b,567s stack positions out of 5000i,500n,10000p,200000b,80000s
{/usr/local/texlive/2019/texmf-dist/fonts/enc/dvips/cm-super/cm-super-t1.enc}
</usr/local/texlive/2019/texmf-dist/fonts/type1/public/amsfonts/cmextra/cmex9.p
fb></usr/local/texlive/2019/texmf-dist/fonts/type1/public/amsfonts/cm/cmmi5.pfb
></usr/local/texlive/2019/texmf-dist/fonts/type1/public/amsfonts/cm/cmmi7.pfb><
/usr/local/texlive/2019/texmf-dist/fonts/type1/public/amsfonts/cm/cmmi9.pfb></u
sr/local/texlive/2019/texmf-dist/fonts/type1/public/amsfonts/cm/cmr7.pfb></usr/
local/texlive/2019/texmf-dist/fonts/type1/public/amsfonts/cm/cmr9.pfb></usr/loc
al/texlive/2019/texmf-dist/fonts/type1/public/amsfonts/cm/cmss10.pfb></usr/loca
l/texlive/2019/texmf-dist/fonts/type1/public/amsfonts/cm/cmss8.pfb></usr/local/
texlive/2019/texmf-dist/fonts/type1/public/amsfonts/cm/cmss9.pfb></usr/local/te
xlive/2019/texmf-dist/fonts/type1/public/amsfonts/cm/cmssbx10.pfb></usr/local/t
exlive/2019/texmf-dist/fonts/type1/public/amsfonts/cm/cmssi8.pfb></usr/local/te
xlive/2019/texmf-dist/fonts/type1/public/amsfonts/cm/cmssi9.pfb></usr/local/tex
live/2019/texmf-dist/fonts/type1/public/amsfonts/cm/cmsy10.pfb></usr/local/texl
ive/2019/texmf-dist/fonts/type1/public/amsfonts/cm/cmsy5.pfb></usr/local/texliv
e/2019/texmf-dist/fonts/type1/public/amsfonts/cm/cmsy6.pfb></usr/local/texlive/
2019/texmf-dist/fonts/type1/public/amsfonts/cm/cmsy7.pfb></usr/local/texlive/20
19/texmf-dist/fonts/type1/public/amsfonts/cm/cmsy8.pfb></usr/local/texlive/2019
/texmf-dist/fonts/type1/public/amsfonts/cm/cmsy9.pfb></usr/local/texlive/2019/t
exmf-dist/fonts/type1/public/amsfonts/symbols/msam10.pfb></usr/local/texlive/20
19/texmf-dist/fonts/type1/public/cm-super/sfrm0500.pfb></usr/local/texlive/2019
/texmf-dist/fonts/type1/public/cm-super/sfrm0600.pfb></usr/local/texlive/2019/t
exmf-dist/fonts/type1/public/cm-super/sfrm0700.pfb></usr/local/texlive/2019/tex
mf-dist/fonts/type1/public/cm-super/sfrm0800.pfb></usr/local/texlive/2019/texmf
-dist/fonts/type1/public/cm-super/sfrm0900.pfb>
Output written on main-WENO-GF-FD.pdf (21 pages, 1479116 bytes).
PDF statistics:
 441 PDF objects out of 1000 (max. 8388607)
 354 compressed objects within 4 object streams
 46 named destinations out of 1000 (max. 500000)
 158 words of extra memory for PDF output out of 10000 (max. 10000000)

